Atualizando os pacotes...
Hit:1 http://archive.ubuntu.com/ubuntu focal InRelease
Get:2 http://archive.ubuntu.com/ubuntu focal-updates InRelease [128 kB]
Hit:3 http://security.ubuntu.com/ubuntu focal-security InRelease
Hit:4 http://archive.ubuntu.com/ubuntu focal-backports InRelease
Fetched 128 kB in 2s (59.1 kB/s)
Reading package lists...
Backup da configuração do Apache criado em /usr/local/backups/apache2
Instalando o Apache...
Reading package lists...
Building dependency tree...
Reading state information...
apache2 is already the newest version (2.4.41-4ubuntu3.17).
0 upgraded, 0 newly installed, 0 to remove and 0 not upgraded.
Habilitando e iniciando o serviço Apache...
sudo: systemctl: command not found
sudo: systemctl: command not found
Verificando o status do Apache...
Falha ao iniciar o Apache.
Atualizando os pacotes...
Hit:1 http://security.ubuntu.com/ubuntu focal-security InRelease
Hit:2 http://archive.ubuntu.com/ubuntu focal InRelease
Hit:3 http://archive.ubuntu.com/ubuntu focal-updates InRelease
Hit:4 http://archive.ubuntu.com/ubuntu focal-backports InRelease
Reading package lists...
Backup da configuração do Apache criado em /usr/local/backups/apache2
Instalando o Apache...
Reading package lists...
Building dependency tree...
Reading state information...
apache2 is already the newest version (2.4.41-4ubuntu3.17).
0 upgraded, 0 newly installed, 0 to remove and 0 not upgraded.
Habilitando e iniciando o serviço Apache...
sudo: systemctl: command not found
sudo: systemctl: command not found
Verificando o status do Apache...
Falha ao iniciar o Apache.
Atualizando os pacotes...
Hit:1 http://archive.ubuntu.com/ubuntu focal InRelease
Hit:2 http://archive.ubuntu.com/ubuntu focal-updates InRelease
Hit:3 http://security.ubuntu.com/ubuntu focal-security InRelease
Hit:4 http://archive.ubuntu.com/ubuntu focal-backports InRelease
Reading package lists...
Backup da configuração do Apache criado em /usr/local/backups/apache2
Instalando o Apache...
Reading package lists...
Building dependency tree...
Reading state information...
apache2 is already the newest version (2.4.41-4ubuntu3.17).
0 upgraded, 0 newly installed, 0 to remove and 0 not upgraded.
Habilitando e iniciando o serviço Apache...
sudo: systemctl: command not found
sudo: systemctl: command not found
Verificando o status do Apache...
Falha ao iniciar o Apache.
Atualizando os pacotes...
Hit:1 http://security.ubuntu.com/ubuntu focal-security InRelease
Hit:2 http://archive.ubuntu.com/ubuntu focal InRelease
Get:3 http://archive.ubuntu.com/ubuntu focal-updates InRelease [128 kB]
Hit:4 http://archive.ubuntu.com/ubuntu focal-backports InRelease
Fetched 128 kB in 1s (108 kB/s)
Reading package lists...
Backup da configuração do Apache criado em /usr/local/backups/apache2
Instalando o Apache...
Reading package lists...
Building dependency tree...
Reading state information...
apache2 is already the newest version (2.4.41-4ubuntu3.17).
0 upgraded, 0 newly installed, 0 to remove and 0 not upgraded.
Habilitando e iniciando o serviço Apache...
sudo: systemctl: command not found
Verificando o status do Apache...
Falha ao iniciar o Apache.
Atualizando os pacotes...
Hit:1 http://archive.ubuntu.com/ubuntu focal InRelease
Hit:2 http://security.ubuntu.com/ubuntu focal-security InRelease
Get:3 http://archive.ubuntu.com/ubuntu focal-updates InRelease [128 kB]
Hit:4 http://archive.ubuntu.com/ubuntu focal-backports InRelease
Fetched 128 kB in 1s (117 kB/s)
Reading package lists...
Backup da configuração do Apache criado em /usr/local/backups/apache2
Instalando o Apache...
Reading package lists...
Building dependency tree...
Reading state information...
apache2 is already the newest version (2.4.41-4ubuntu3.17).
0 upgraded, 0 newly installed, 0 to remove and 0 not upgraded.
Iniciando o serviço Apache...
 * Starting Apache httpd web server apache2
AH00558: apache2: Could not reliably determine the server's fully qualified domain name, using 172.24.0.2. Set the 'ServerName' directive globally to suppress this message
 * 
Verificando o status do Apache...
Apache instalado e em execução com sucesso!
Instalação e configuração do Apache concluídas com sucesso!
Atualizando os pacotes...
Hit:1 http://archive.ubuntu.com/ubuntu focal InRelease
Hit:2 http://security.ubuntu.com/ubuntu focal-security InRelease
Hit:3 http://archive.ubuntu.com/ubuntu focal-updates InRelease
Hit:4 http://archive.ubuntu.com/ubuntu focal-backports InRelease
Reading package lists...
Backup da configuração do Apache criado em /usr/local/backups/apache2
Instalando o Apache...
Reading package lists...
Building dependency tree...
Reading state information...
apache2 is already the newest version (2.4.41-4ubuntu3.17).
0 upgraded, 0 newly installed, 0 to remove and 0 not upgraded.
Iniciando o serviço Apache...
 * Starting Apache httpd web server apache2
AH00558: apache2: Could not reliably determine the server's fully qualified domain name, using 172.24.0.2. Set the 'ServerName' directive globally to suppress this message
 * 
Verificando o status do Apache...
Apache instalado e em execução com sucesso!
Instalação e configuração do Apache concluídas com sucesso!
Atualizando os pacotes...
Hit:1 http://archive.ubuntu.com/ubuntu focal InRelease
Hit:2 http://security.ubuntu.com/ubuntu focal-security InRelease
Hit:3 http://archive.ubuntu.com/ubuntu focal-updates InRelease
Hit:4 http://archive.ubuntu.com/ubuntu focal-backports InRelease
Reading package lists...
Backup da configuração do Apache criado em /usr/local/backups/apache2
Instalando o Apache...
Reading package lists...
Building dependency tree...
Reading state information...
apache2 is already the newest version (2.4.41-4ubuntu3.17).
0 upgraded, 0 newly installed, 0 to remove and 0 not upgraded.
Iniciando o serviço Apache...
 * Starting Apache httpd web server apache2
AH00558: apache2: Could not reliably determine the server's fully qualified domain name, using 172.24.0.2. Set the 'ServerName' directive globally to suppress this message
 * 
Verificando o status do Apache...
Apache instalado e em execução com sucesso!
Instalação e configuração do Apache concluídas com sucesso!
Atualizando os pacotes...
Hit:1 http://archive.ubuntu.com/ubuntu focal InRelease
Hit:2 http://security.ubuntu.com/ubuntu focal-security InRelease
Hit:3 http://archive.ubuntu.com/ubuntu focal-updates InRelease
Hit:4 http://archive.ubuntu.com/ubuntu focal-backports InRelease
Reading package lists...
Backup da configuração do Apache criado em /usr/local/backups/apache2
Instalando o Apache...
Reading package lists...
Building dependency tree...
Reading state information...
apache2 is already the newest version (2.4.41-4ubuntu3.17).
0 upgraded, 0 newly installed, 0 to remove and 0 not upgraded.
Iniciando o serviço Apache...
 * Starting Apache httpd web server apache2
AH00558: apache2: Could not reliably determine the server's fully qualified domain name, using 172.24.0.2. Set the 'ServerName' directive globally to suppress this message
 * 
Verificando o status do Apache...
Apache instalado e em execução com sucesso!
Instalação e configuração do Apache concluídas com sucesso!
Atualizando os pacotes...
Hit:1 http://security.ubuntu.com/ubuntu focal-security InRelease
Hit:2 http://archive.ubuntu.com/ubuntu focal InRelease
Hit:3 http://archive.ubuntu.com/ubuntu focal-updates InRelease
Hit:4 http://archive.ubuntu.com/ubuntu focal-backports InRelease
Reading package lists...
Backup da configuração do Apache criado em /usr/local/backups/apache2
Instalando o Apache...
Reading package lists...
Building dependency tree...
Reading state information...
apache2 is already the newest version (2.4.41-4ubuntu3.17).
0 upgraded, 0 newly installed, 0 to remove and 0 not upgraded.
Iniciando o serviço Apache...
 * Starting Apache httpd web server apache2
AH00558: apache2: Could not reliably determine the server's fully qualified domain name, using 172.24.0.2. Set the 'ServerName' directive globally to suppress this message
 * 
Verificando o status do Apache...
Apache instalado e em execução com sucesso!
Instalação e configuração do Apache concluídas com sucesso!
Atualizando os pacotes...
Hit:1 http://archive.ubuntu.com/ubuntu focal InRelease
Hit:2 http://security.ubuntu.com/ubuntu focal-security InRelease
Get:3 http://archive.ubuntu.com/ubuntu focal-updates InRelease [128 kB]
Hit:4 http://archive.ubuntu.com/ubuntu focal-backports InRelease
Fetched 128 kB in 1s (116 kB/s)
Reading package lists...
Backup da configuração do Apache criado em /usr/local/backups/apache2
Instalando o Apache...
Reading package lists...
Building dependency tree...
Reading state information...
apache2 is already the newest version (2.4.41-4ubuntu3.17).
0 upgraded, 0 newly installed, 0 to remove and 0 not upgraded.
Iniciando o serviço Apache...
 * Starting Apache httpd web server apache2
AH00558: apache2: Could not reliably determine the server's fully qualified domain name, using 172.25.0.2. Set the 'ServerName' directive globally to suppress this message
 * 
Verificando o status do Apache...
Apache instalado e em execução com sucesso!
Instalação e configuração do Apache concluídas com sucesso!
Atualizando os pacotes...
Get:1 http://security.ubuntu.com/ubuntu focal-security InRelease [128 kB]
Hit:2 http://archive.ubuntu.com/ubuntu focal InRelease
Get:3 http://archive.ubuntu.com/ubuntu focal-updates InRelease [128 kB]
Get:4 http://security.ubuntu.com/ubuntu focal-security/universe amd64 Packages [1213 kB]
Hit:5 http://archive.ubuntu.com/ubuntu focal-backports InRelease
Get:6 http://archive.ubuntu.com/ubuntu focal-updates/restricted amd64 Packages [3821 kB]
Get:7 http://security.ubuntu.com/ubuntu focal-security/main amd64 Packages [3711 kB]
Get:8 http://archive.ubuntu.com/ubuntu focal-updates/multiverse amd64 Packages [33.5 kB]
Get:9 http://archive.ubuntu.com/ubuntu focal-updates/universe amd64 Packages [1511 kB]
Get:10 http://archive.ubuntu.com/ubuntu focal-updates/main amd64 Packages [4182 kB]
Fetched 14.7 MB in 5s (3034 kB/s)
Reading package lists...
Backup da configuração do Apache criado em /usr/local/backups/apache2
Instalando o Apache...
Reading package lists...
Building dependency tree...
Reading state information...
apache2 is already the newest version (2.4.41-4ubuntu3.17).
0 upgraded, 0 newly installed, 0 to remove and 0 not upgraded.
Iniciando o serviço Apache...
 * Starting Apache httpd web server apache2
AH00558: apache2: Could not reliably determine the server's fully qualified domain name, using 172.18.0.2. Set the 'ServerName' directive globally to suppress this message
 * 
Verificando o status do Apache...
Apache instalado e em execução com sucesso!
Instalação e configuração do Apache concluídas com sucesso!
Atualizando os pacotes...
Hit:1 http://archive.ubuntu.com/ubuntu focal InRelease
Hit:2 http://archive.ubuntu.com/ubuntu focal-updates InRelease
Hit:3 http://security.ubuntu.com/ubuntu focal-security InRelease
Hit:4 http://archive.ubuntu.com/ubuntu focal-backports InRelease
Reading package lists...
Backup da configuração do Apache criado em /usr/local/backups/apache2
Instalando o Apache...
Reading package lists...
Building dependency tree...
Reading state information...
apache2 is already the newest version (2.4.41-4ubuntu3.17).
0 upgraded, 0 newly installed, 0 to remove and 0 not upgraded.
Iniciando o serviço Apache...
 * Starting Apache httpd web server apache2
AH00558: apache2: Could not reliably determine the server's fully qualified domain name, using 172.18.0.2. Set the 'ServerName' directive globally to suppress this message
 * 
Verificando o status do Apache...
Apache instalado e em execução com sucesso!
Instalação e configuração do Apache concluídas com sucesso!
Atualizando os pacotes...
Hit:1 http://archive.ubuntu.com/ubuntu focal InRelease
Hit:2 http://security.ubuntu.com/ubuntu focal-security InRelease
Hit:3 http://archive.ubuntu.com/ubuntu focal-updates InRelease
Hit:4 http://archive.ubuntu.com/ubuntu focal-backports InRelease
Reading package lists...
Backup da configuração do Apache criado em /usr/local/backups/apache2
Instalando o Apache...
Reading package lists...
Building dependency tree...
Reading state information...
apache2 is already the newest version (2.4.41-4ubuntu3.17).
0 upgraded, 0 newly installed, 0 to remove and 0 not upgraded.
Iniciando o serviço Apache...
 * Starting Apache httpd web server apache2
AH00558: apache2: Could not reliably determine the server's fully qualified domain name, using 172.18.0.2. Set the 'ServerName' directive globally to suppress this message
 * 
Verificando o status do Apache...
Apache instalado e em execução com sucesso!
Instalação e configuração do Apache concluídas com sucesso!
Atualizando os pacotes...
Hit:1 http://archive.ubuntu.com/ubuntu focal InRelease
Hit:2 http://security.ubuntu.com/ubuntu focal-security InRelease
Get:3 http://archive.ubuntu.com/ubuntu focal-updates InRelease [128 kB]
Hit:4 http://archive.ubuntu.com/ubuntu focal-backports InRelease
Fetched 128 kB in 1s (108 kB/s)
Reading package lists...
Backup da configuração do Apache criado em /usr/local/backups/apache2
Instalando o Apache...
Reading package lists...
Building dependency tree...
Reading state information...
apache2 is already the newest version (2.4.41-4ubuntu3.17).
0 upgraded, 0 newly installed, 0 to remove and 0 not upgraded.
Iniciando o serviço Apache...
 * Starting Apache httpd web server apache2
AH00558: apache2: Could not reliably determine the server's fully qualified domain name, using 172.18.0.2. Set the 'ServerName' directive globally to suppress this message
 * 
Verificando o status do Apache...
Apache instalado e em execução com sucesso!
Instalação e configuração do Apache concluídas com sucesso!
Atualizando os pacotes...
Hit:1 http://archive.ubuntu.com/ubuntu focal InRelease
Get:2 http://security.ubuntu.com/ubuntu focal-security InRelease [128 kB]
Get:3 http://archive.ubuntu.com/ubuntu focal-updates InRelease [128 kB]
Hit:4 http://archive.ubuntu.com/ubuntu focal-backports InRelease
Get:5 http://archive.ubuntu.com/ubuntu focal-updates/restricted amd64 Packages [3821 kB]
Get:6 http://security.ubuntu.com/ubuntu focal-security/universe amd64 Packages [1213 kB]
Get:7 http://archive.ubuntu.com/ubuntu focal-updates/universe amd64 Packages [1511 kB]
Get:8 http://archive.ubuntu.com/ubuntu focal-updates/main amd64 Packages [4182 kB]
Get:9 http://archive.ubuntu.com/ubuntu focal-updates/multiverse amd64 Packages [33.5 kB]
Get:10 http://security.ubuntu.com/ubuntu focal-security/main amd64 Packages [3711 kB]
Fetched 14.7 MB in 5s (3037 kB/s)
Reading package lists...
Backup da configuração do Apache criado em /usr/local/backups/apache2
Instalando o Apache...
Reading package lists...
Building dependency tree...
Reading state information...
apache2 is already the newest version (2.4.41-4ubuntu3.17).
0 upgraded, 0 newly installed, 0 to remove and 0 not upgraded.
Iniciando o serviço Apache...
 * Starting Apache httpd web server apache2
AH00558: apache2: Could not reliably determine the server's fully qualified domain name, using 172.18.0.2. Set the 'ServerName' directive globally to suppress this message
 * 
Verificando o status do Apache...
Apache instalado e em execução com sucesso!
Instalação e configuração do Apache concluídas com sucesso!
Atualizando os pacotes...
Hit:1 http://archive.ubuntu.com/ubuntu focal InRelease
Get:2 http://security.ubuntu.com/ubuntu focal-security InRelease [128 kB]
Get:3 http://archive.ubuntu.com/ubuntu focal-updates InRelease [128 kB]
Hit:4 http://archive.ubuntu.com/ubuntu focal-backports InRelease
Get:5 http://archive.ubuntu.com/ubuntu focal-updates/universe amd64 Packages [1511 kB]
Get:6 http://security.ubuntu.com/ubuntu focal-security/universe amd64 Packages [1213 kB]
Get:7 http://archive.ubuntu.com/ubuntu focal-updates/main amd64 Packages [4182 kB]
Get:8 http://security.ubuntu.com/ubuntu focal-security/main amd64 Packages [3711 kB]
Get:9 http://archive.ubuntu.com/ubuntu focal-updates/multiverse amd64 Packages [33.5 kB]
Get:10 http://archive.ubuntu.com/ubuntu focal-updates/restricted amd64 Packages [3821 kB]
Fetched 14.7 MB in 9s (1726 kB/s)
Reading package lists...
Backup da configuração do Apache criado em /usr/local/backups/apache2
Instalando o Apache...
Reading package lists...
Building dependency tree...
Reading state information...
apache2 is already the newest version (2.4.41-4ubuntu3.17).
0 upgraded, 0 newly installed, 0 to remove and 0 not upgraded.
Iniciando o serviço Apache...
 * Starting Apache httpd web server apache2
AH00558: apache2: Could not reliably determine the server's fully qualified domain name, using 172.19.0.2. Set the 'ServerName' directive globally to suppress this message
 * 
Verificando o status do Apache...
Apache instalado e em execução com sucesso!
Instalação e configuração do Apache concluídas com sucesso!
Atualizando os pacotes...
Hit:1 http://archive.ubuntu.com/ubuntu focal InRelease
Get:2 http://archive.ubuntu.com/ubuntu focal-updates InRelease [128 kB]
Get:3 http://security.ubuntu.com/ubuntu focal-security InRelease [128 kB]
Hit:4 http://archive.ubuntu.com/ubuntu focal-backports InRelease
Get:5 http://archive.ubuntu.com/ubuntu focal-updates/main amd64 Packages [4182 kB]
Get:6 http://security.ubuntu.com/ubuntu focal-security/universe amd64 Packages [1213 kB]
Get:7 http://archive.ubuntu.com/ubuntu focal-updates/multiverse amd64 Packages [33.5 kB]
Get:8 http://archive.ubuntu.com/ubuntu focal-updates/universe amd64 Packages [1511 kB]
Get:9 http://archive.ubuntu.com/ubuntu focal-updates/restricted amd64 Packages [3821 kB]
Get:10 http://security.ubuntu.com/ubuntu focal-security/main amd64 Packages [3711 kB]
Fetched 14.7 MB in 9s (1627 kB/s)
Reading package lists...
Backup da configuração do Apache criado em /usr/local/backups/apache2
Instalando o Apache...
Reading package lists...
Building dependency tree...
Reading state information...
apache2 is already the newest version (2.4.41-4ubuntu3.17).
0 upgraded, 0 newly installed, 0 to remove and 0 not upgraded.
Iniciando o serviço Apache...
 * Starting Apache httpd web server apache2
AH00558: apache2: Could not reliably determine the server's fully qualified domain name, using 172.20.0.2. Set the 'ServerName' directive globally to suppress this message
 * 
Verificando o status do Apache...
Apache instalado e em execução com sucesso!
Instalação e configuração do Apache concluídas com sucesso!
Atualizando os pacotes...
Hit:1 http://archive.ubuntu.com/ubuntu focal InRelease
Get:2 http://security.ubuntu.com/ubuntu focal-security InRelease [128 kB]
Get:3 http://archive.ubuntu.com/ubuntu focal-updates InRelease [128 kB]
Hit:4 http://archive.ubuntu.com/ubuntu focal-backports InRelease
Get:5 http://archive.ubuntu.com/ubuntu focal-updates/restricted amd64 Packages [3821 kB]
Get:6 http://security.ubuntu.com/ubuntu focal-security/universe amd64 Packages [1213 kB]
Get:7 http://security.ubuntu.com/ubuntu focal-security/main amd64 Packages [3711 kB]
Get:8 http://archive.ubuntu.com/ubuntu focal-updates/multiverse amd64 Packages [33.5 kB]
Get:9 http://archive.ubuntu.com/ubuntu focal-updates/main amd64 Packages [4182 kB]
Get:10 http://archive.ubuntu.com/ubuntu focal-updates/universe amd64 Packages [1511 kB]
Fetched 14.7 MB in 6s (2294 kB/s)
Reading package lists...
Backup da configuração do Apache criado em /usr/local/backups/apache2
Instalando o Apache...
Reading package lists...
Building dependency tree...
Reading state information...
apache2 is already the newest version (2.4.41-4ubuntu3.17).
0 upgraded, 0 newly installed, 0 to remove and 0 not upgraded.
Configurando o Apache para escutar na porta 8081...
Iniciando o serviço Apache...
 * Starting Apache httpd web server apache2
AH00558: apache2: Could not reliably determine the server's fully qualified domain name, using 172.21.0.2. Set the 'ServerName' directive globally to suppress this message
 * 
Verificando o status do Apache...
Apache instalado e em execução com sucesso!
Instalação e configuração do Apache concluídas com sucesso!
Atualizando os pacotes...
Hit:1 http://archive.ubuntu.com/ubuntu focal InRelease
Get:2 http://archive.ubuntu.com/ubuntu focal-updates InRelease [128 kB]
Get:3 http://security.ubuntu.com/ubuntu focal-security InRelease [128 kB]
Hit:4 http://archive.ubuntu.com/ubuntu focal-backports InRelease
Get:5 http://archive.ubuntu.com/ubuntu focal-updates/restricted amd64 Packages [3821 kB]
Get:6 http://security.ubuntu.com/ubuntu focal-security/universe amd64 Packages [1213 kB]
Get:7 http://security.ubuntu.com/ubuntu focal-security/main amd64 Packages [3711 kB]
Get:8 http://archive.ubuntu.com/ubuntu focal-updates/multiverse amd64 Packages [33.5 kB]
Get:9 http://archive.ubuntu.com/ubuntu focal-updates/universe amd64 Packages [1511 kB]
Get:10 http://archive.ubuntu.com/ubuntu focal-updates/main amd64 Packages [4182 kB]
Fetched 14.7 MB in 8s (1790 kB/s)
Reading package lists...
Backup da configuração do Apache criado em /usr/local/backups/apache2
Instalando o Apache...
Reading package lists...
Building dependency tree...
Reading state information...
apache2 is already the newest version (2.4.41-4ubuntu3.17).
0 upgraded, 0 newly installed, 0 to remove and 0 not upgraded.
Configurando o Apache para escutar na porta 8081...
Iniciando o serviço Apache...
 * Starting Apache httpd web server apache2
AH00558: apache2: Could not reliably determine the server's fully qualified domain name, using 172.22.0.2. Set the 'ServerName' directive globally to suppress this message
 * 
Verificando o status do Apache...
Apache instalado e em execução com sucesso!
Instalação e configuração do Apache concluídas com sucesso!
Atualizando os pacotes...
Hit:1 http://archive.ubuntu.com/ubuntu focal InRelease
Get:2 http://security.ubuntu.com/ubuntu focal-security InRelease [128 kB]
Get:3 http://archive.ubuntu.com/ubuntu focal-updates InRelease [128 kB]
Hit:4 http://archive.ubuntu.com/ubuntu focal-backports InRelease
Get:5 http://archive.ubuntu.com/ubuntu focal-updates/universe amd64 Packages [1511 kB]
Get:6 http://security.ubuntu.com/ubuntu focal-security/main amd64 Packages [3711 kB]
Get:7 http://archive.ubuntu.com/ubuntu focal-updates/main amd64 Packages [4182 kB]
Get:8 http://archive.ubuntu.com/ubuntu focal-updates/restricted amd64 Packages [3821 kB]
Get:9 http://archive.ubuntu.com/ubuntu focal-updates/multiverse amd64 Packages [33.5 kB]
Get:10 http://security.ubuntu.com/ubuntu focal-security/universe amd64 Packages [1213 kB]
Fetched 14.7 MB in 4s (3278 kB/s)
Reading package lists...
Backup da configuração do Apache criado em /usr/local/backups/apache2
Instalando o Apache...
Reading package lists...
Building dependency tree...
Reading state information...
apache2 is already the newest version (2.4.41-4ubuntu3.17).
0 upgraded, 0 newly installed, 0 to remove and 0 not upgraded.
Configurando o Apache para escutar na porta 8081...
Iniciando o serviço Apache...
 * Starting Apache httpd web server apache2
AH00558: apache2: Could not reliably determine the server's fully qualified domain name, using 172.23.0.2. Set the 'ServerName' directive globally to suppress this message
 * 
Verificando o status do Apache...
Apache instalado e em execução com sucesso!
Instalação e configuração do Apache concluídas com sucesso!
Atualizando os pacotes...
Hit:1 http://archive.ubuntu.com/ubuntu focal InRelease
Get:2 http://archive.ubuntu.com/ubuntu focal-updates InRelease [128 kB]
Hit:3 http://archive.ubuntu.com/ubuntu focal-backports InRelease
Get:4 http://security.ubuntu.com/ubuntu focal-security InRelease [128 kB]
Get:5 http://archive.ubuntu.com/ubuntu focal-updates/restricted amd64 Packages [3821 kB]
Get:6 http://security.ubuntu.com/ubuntu focal-security/main amd64 Packages [3711 kB]
Get:7 http://archive.ubuntu.com/ubuntu focal-updates/multiverse amd64 Packages [33.5 kB]
Get:8 http://archive.ubuntu.com/ubuntu focal-updates/universe amd64 Packages [1511 kB]
Get:9 http://security.ubuntu.com/ubuntu focal-security/universe amd64 Packages [1213 kB]
Get:10 http://archive.ubuntu.com/ubuntu focal-updates/main amd64 Packages [4182 kB]
Fetched 14.7 MB in 7s (2031 kB/s)
Reading package lists...
Backup da configuração do Apache criado em /usr/local/backups/apache2
Instalando o Apache...
Reading package lists...
Building dependency tree...
Reading state information...
apache2 is already the newest version (2.4.41-4ubuntu3.17).
0 upgraded, 0 newly installed, 0 to remove and 0 not upgraded.
Configurando o Apache para escutar na porta 8081...
Reiniciando o serviço Apache...
 * Restarting Apache httpd web server apache2
AH00558: apache2: Could not reliably determine the server's fully qualified domain name, using 172.24.0.2. Set the 'ServerName' directive globally to suppress this message
   ...done.
Verificando o status do Apache...
Apache instalado e em execução com sucesso!
Instalação e configuração do Apache concluídas com sucesso!
Atualizando os pacotes...
Get:1 http://security.ubuntu.com/ubuntu focal-security InRelease [128 kB]
Hit:2 http://archive.ubuntu.com/ubuntu focal InRelease
Get:3 http://archive.ubuntu.com/ubuntu focal-updates InRelease [128 kB]
Get:4 http://security.ubuntu.com/ubuntu focal-security/universe amd64 Packages [1213 kB]
Hit:5 http://archive.ubuntu.com/ubuntu focal-backports InRelease
Get:6 http://archive.ubuntu.com/ubuntu focal-updates/multiverse amd64 Packages [33.5 kB]
Get:7 http://archive.ubuntu.com/ubuntu focal-updates/restricted amd64 Packages [3821 kB]
Get:8 http://security.ubuntu.com/ubuntu focal-security/main amd64 Packages [3711 kB]
Get:9 http://archive.ubuntu.com/ubuntu focal-updates/universe amd64 Packages [1511 kB]
Get:10 http://archive.ubuntu.com/ubuntu focal-updates/main amd64 Packages [4182 kB]
Fetched 14.7 MB in 6s (2558 kB/s)
Reading package lists...
Backup da configuração do Apache criado em /usr/local/backups/apache2
Instalando o Apache...
Reading package lists...
Building dependency tree...
Reading state information...
apache2 is already the newest version (2.4.41-4ubuntu3.17).
0 upgraded, 0 newly installed, 0 to remove and 0 not upgraded.
Configurando o Apache para escutar na porta 8081...
Reiniciando o serviço Apache...
 * Restarting Apache httpd web server apache2
AH00558: apache2: Could not reliably determine the server's fully qualified domain name, using 172.24.0.2. Set the 'ServerName' directive globally to suppress this message
   ...done.
Verificando o status do Apache...
Apache instalado e em execução com sucesso!
Instalação e configuração do Apache concluídas com sucesso!
Atualizando os pacotes...
Hit:1 http://archive.ubuntu.com/ubuntu focal InRelease
Get:2 http://security.ubuntu.com/ubuntu focal-security InRelease [128 kB]
Get:3 http://archive.ubuntu.com/ubuntu focal-updates InRelease [128 kB]
Get:4 http://security.ubuntu.com/ubuntu focal-security/universe amd64 Packages [1213 kB]
Hit:5 http://archive.ubuntu.com/ubuntu focal-backports InRelease
Get:6 http://archive.ubuntu.com/ubuntu focal-updates/universe amd64 Packages [1511 kB]
Get:7 http://security.ubuntu.com/ubuntu focal-security/main amd64 Packages [3711 kB]
Get:8 http://archive.ubuntu.com/ubuntu focal-updates/multiverse amd64 Packages [33.5 kB]
Get:9 http://archive.ubuntu.com/ubuntu focal-updates/main amd64 Packages [4182 kB]
Get:10 http://archive.ubuntu.com/ubuntu focal-updates/restricted amd64 Packages [3821 kB]
Fetched 14.7 MB in 17s (865 kB/s)
Reading package lists...
Backup da configuração do Apache criado em /usr/local/backups/apache2
Instalando o Apache...
Reading package lists...
Building dependency tree...
Reading state information...
apache2 is already the newest version (2.4.41-4ubuntu3.17).
0 upgraded, 0 newly installed, 0 to remove and 0 not upgraded.
Configurando o Apache para escutar na porta 8081...
Reiniciando o serviço Apache...
 * Restarting Apache httpd web server apache2
AH00558: apache2: Could not reliably determine the server's fully qualified domain name, using 172.18.0.2. Set the 'ServerName' directive globally to suppress this message
   ...done.
Verificando o status do Apache...
Apache instalado e em execução com sucesso!
Instalação e configuração do Apache concluídas com sucesso!
Atualizando os pacotes...
Get:1 http://security.ubuntu.com/ubuntu focal-security InRelease [128 kB]
Hit:2 http://archive.ubuntu.com/ubuntu focal InRelease
Get:3 http://archive.ubuntu.com/ubuntu focal-updates InRelease [128 kB]
Hit:4 http://archive.ubuntu.com/ubuntu focal-backports InRelease
Get:5 http://archive.ubuntu.com/ubuntu focal-updates/universe amd64 Packages [1511 kB]
Get:6 http://security.ubuntu.com/ubuntu focal-security/main amd64 Packages [3711 kB]
Get:7 http://archive.ubuntu.com/ubuntu focal-updates/multiverse amd64 Packages [33.5 kB]
Get:8 http://archive.ubuntu.com/ubuntu focal-updates/main amd64 Packages [4182 kB]
Get:9 http://archive.ubuntu.com/ubuntu focal-updates/restricted amd64 Packages [3821 kB]
Get:10 http://security.ubuntu.com/ubuntu focal-security/universe amd64 Packages [1213 kB]
Fetched 14.7 MB in 5s (2838 kB/s)
Reading package lists...
Backup da configuração do Apache criado em /usr/local/backups/apache2
Instalando o Apache...
Reading package lists...
Building dependency tree...
Reading state information...
apache2 is already the newest version (2.4.41-4ubuntu3.17).
0 upgraded, 0 newly installed, 0 to remove and 0 not upgraded.
Configurando o Apache para escutar na porta 8081...
Reiniciando o serviço Apache...
 * Restarting Apache httpd web server apache2
AH00558: apache2: Could not reliably determine the server's fully qualified domain name, using 172.18.0.2. Set the 'ServerName' directive globally to suppress this message
   ...done.
Verificando o status do Apache...
Apache instalado e em execução com sucesso!
Instalação e configuração do Apache concluídas com sucesso!
Atualizando os pacotes...
Hit:1 http://archive.ubuntu.com/ubuntu focal InRelease
Hit:2 http://security.ubuntu.com/ubuntu focal-security InRelease
Hit:3 http://archive.ubuntu.com/ubuntu focal-updates InRelease
Hit:4 http://archive.ubuntu.com/ubuntu focal-backports InRelease
Reading package lists...
Backup da configuração do Apache criado em /usr/local/backups/apache2
Instalando o Apache...
Reading package lists...
Building dependency tree...
Reading state information...
apache2 is already the newest version (2.4.41-4ubuntu3.17).
0 upgraded, 0 newly installed, 0 to remove and 0 not upgraded.
Configurando o Apache para escutar na porta 8081...
Reiniciando o serviço Apache...
 * Restarting Apache httpd web server apache2
   ...fail!
 * The apache2 configtest failed.
Output of config test was:
AH00526: Syntax error on line 5 of /etc/apache2/ports.conf:
Invalid address or port
Action 'configtest' failed.
The Apache error log may have more information.
Verificando o status do Apache...
Falha ao iniciar o Apache.
Atualizando os pacotes...
Hit:1 http://archive.ubuntu.com/ubuntu focal InRelease
Hit:2 http://security.ubuntu.com/ubuntu focal-security InRelease
Hit:3 http://archive.ubuntu.com/ubuntu focal-updates InRelease
Hit:4 http://archive.ubuntu.com/ubuntu focal-backports InRelease
Reading package lists...
Backup da configuração do Apache criado em /usr/local/backups/apache2
Instalando o Apache...
Reading package lists...
Building dependency tree...
Reading state information...
apache2 is already the newest version (2.4.41-4ubuntu3.17).
0 upgraded, 0 newly installed, 0 to remove and 0 not upgraded.
Configurando o Apache para escutar na porta 8081...
Reiniciando o serviço Apache...
 * Restarting Apache httpd web server apache2
   ...fail!
 * The apache2 configtest failed.
Output of config test was:
AH00526: Syntax error on line 5 of /etc/apache2/ports.conf:
Invalid address or port
Action 'configtest' failed.
The Apache error log may have more information.
Verificando o status do Apache...
Falha ao iniciar o Apache.
Atualizando os pacotes...
Hit:1 http://archive.ubuntu.com/ubuntu focal InRelease
Hit:2 http://security.ubuntu.com/ubuntu focal-security InRelease
Hit:3 http://archive.ubuntu.com/ubuntu focal-updates InRelease
Hit:4 http://archive.ubuntu.com/ubuntu focal-backports InRelease
Reading package lists...
Backup da configuração do Apache criado em /usr/local/backups/apache2
Instalando o Apache...
Reading package lists...
Building dependency tree...
Reading state information...
apache2 is already the newest version (2.4.41-4ubuntu3.17).
0 upgraded, 0 newly installed, 0 to remove and 0 not upgraded.
Configurando o Apache para escutar na porta 8081...
Reiniciando o serviço Apache...
 * Restarting Apache httpd web server apache2
   ...fail!
 * The apache2 configtest failed.
Output of config test was:
AH00526: Syntax error on line 5 of /etc/apache2/ports.conf:
Invalid address or port
Action 'configtest' failed.
The Apache error log may have more information.
Verificando o status do Apache...
Falha ao iniciar o Apache.
Atualizando os pacotes...
Hit:1 http://archive.ubuntu.com/ubuntu focal InRelease
Get:2 http://security.ubuntu.com/ubuntu focal-security InRelease [128 kB]
Get:3 http://archive.ubuntu.com/ubuntu focal-updates InRelease [128 kB]
Hit:4 http://archive.ubuntu.com/ubuntu focal-backports InRelease
Get:5 http://archive.ubuntu.com/ubuntu focal-updates/restricted amd64 Packages [3821 kB]
Get:6 http://security.ubuntu.com/ubuntu focal-security/universe amd64 Packages [1213 kB]
Get:7 http://archive.ubuntu.com/ubuntu focal-updates/multiverse amd64 Packages [33.5 kB]
Get:8 http://archive.ubuntu.com/ubuntu focal-updates/universe amd64 Packages [1511 kB]
Get:9 http://archive.ubuntu.com/ubuntu focal-updates/main amd64 Packages [4182 kB]
Get:10 http://security.ubuntu.com/ubuntu focal-security/main amd64 Packages [3711 kB]
Fetched 14.7 MB in 4s (3956 kB/s)
Reading package lists...
Backup da configuração do Apache criado em /usr/local/backups/apache2
Instalando o Apache...
Reading package lists...
Building dependency tree...
Reading state information...
apache2 is already the newest version (2.4.41-4ubuntu3.17).
0 upgraded, 0 newly installed, 0 to remove and 0 not upgraded.
Configurando o Apache para escutar na porta 8081...
Reiniciando o serviço Apache...
 * Restarting Apache httpd web server apache2
AH00558: apache2: Could not reliably determine the server's fully qualified domain name, using 172.19.0.2. Set the 'ServerName' directive globally to suppress this message
   ...done.
Verificando o status do Apache...
Apache instalado e em execução com sucesso!
Instalação e configuração do Apache concluídas com sucesso!
Atualizando os pacotes...
Get:1 http://security.ubuntu.com/ubuntu focal-security InRelease [128 kB]
Hit:2 http://archive.ubuntu.com/ubuntu focal InRelease
Get:3 http://archive.ubuntu.com/ubuntu focal-updates InRelease [128 kB]
Get:4 http://security.ubuntu.com/ubuntu focal-security/main amd64 Packages [3711 kB]
Hit:5 http://archive.ubuntu.com/ubuntu focal-backports InRelease
Get:6 http://archive.ubuntu.com/ubuntu focal-updates/multiverse amd64 Packages [33.5 kB]
Get:7 http://archive.ubuntu.com/ubuntu focal-updates/restricted amd64 Packages [3821 kB]
Get:8 http://security.ubuntu.com/ubuntu focal-security/universe amd64 Packages [1213 kB]
Get:9 http://archive.ubuntu.com/ubuntu focal-updates/universe amd64 Packages [1511 kB]
Get:10 http://archive.ubuntu.com/ubuntu focal-updates/main amd64 Packages [4182 kB]
Fetched 14.7 MB in 20s (747 kB/s)
Reading package lists...
Backup da configuração do Apache criado em /usr/local/backups/apache2
Instalando o Apache...
Reading package lists...
Building dependency tree...
Reading state information...
apache2 is already the newest version (2.4.41-4ubuntu3.17).
0 upgraded, 0 newly installed, 0 to remove and 0 not upgraded.
Configurando o Apache para escutar na porta 8081...
Reiniciando o serviço Apache...
 * Restarting Apache httpd web server apache2
AH00558: apache2: Could not reliably determine the server's fully qualified domain name, using 172.20.0.2. Set the 'ServerName' directive globally to suppress this message
   ...done.
Verificando o status do Apache...
Apache instalado e em execução com sucesso!
Instalação e configuração do Apache concluídas com sucesso!
Atualizando os pacotes...
Hit:1 http://archive.ubuntu.com/ubuntu focal InRelease
Get:2 http://archive.ubuntu.com/ubuntu focal-updates InRelease [128 kB]
Get:3 http://security.ubuntu.com/ubuntu focal-security InRelease [128 kB]
Hit:4 http://archive.ubuntu.com/ubuntu focal-backports InRelease
Get:5 http://archive.ubuntu.com/ubuntu focal-updates/main amd64 Packages [4182 kB]
Get:6 http://security.ubuntu.com/ubuntu focal-security/main amd64 Packages [3711 kB]
Get:7 http://archive.ubuntu.com/ubuntu focal-updates/universe amd64 Packages [1511 kB]
Get:8 http://archive.ubuntu.com/ubuntu focal-updates/multiverse amd64 Packages [33.5 kB]
Get:9 http://archive.ubuntu.com/ubuntu focal-updates/restricted amd64 Packages [3821 kB]
Get:10 http://security.ubuntu.com/ubuntu focal-security/universe amd64 Packages [1213 kB]
Fetched 14.7 MB in 4s (3667 kB/s)
Reading package lists...
Backup da configuração do Apache criado em /usr/local/backups/apache2
Instalando o Apache...
Reading package lists...
Building dependency tree...
Reading state information...
apache2 is already the newest version (2.4.41-4ubuntu3.17).
0 upgraded, 0 newly installed, 0 to remove and 0 not upgraded.
Configurando o Apache para escutar na porta 8081...
Porta do Apache configurada para 8081 com sucesso.
Falha ao configurar o VirtualHost do Apache para a porta 8081.
Atualizando os pacotes...
Hit:1 http://security.ubuntu.com/ubuntu focal-security InRelease
Hit:2 http://archive.ubuntu.com/ubuntu focal InRelease
Hit:3 http://archive.ubuntu.com/ubuntu focal-updates InRelease
Hit:4 http://archive.ubuntu.com/ubuntu focal-backports InRelease
Reading package lists...
Instalando e configurando o Apache2...
Reading package lists...
Building dependency tree...
Reading state information...
apache2 is already the newest version (2.4.41-4ubuntu3.17).
0 upgraded, 0 newly installed, 0 to remove and 0 not upgraded.
Enabling module rewrite.
To activate the new configuration, you need to run:
  service apache2 restart
 * Starting Apache httpd web server apache2
AH00558: apache2: Could not reliably determine the server's fully qualified domain name, using 172.21.0.2. Set the 'ServerName' directive globally to suppress this message
 * 
Verificando o status do Apache2...
Apache2 instalado e em execução com sucesso!
Instalação e configuração do Apache2 concluídas com sucesso!
Atualizando os pacotes...
Hit:1 http://security.ubuntu.com/ubuntu focal-security InRelease
Hit:2 http://archive.ubuntu.com/ubuntu focal InRelease
Hit:3 http://archive.ubuntu.com/ubuntu focal-updates InRelease
Hit:4 http://archive.ubuntu.com/ubuntu focal-backports InRelease
Reading package lists...
Instalando e configurando o Apache2...
Reading package lists...
Building dependency tree...
Reading state information...
apache2 is already the newest version (2.4.41-4ubuntu3.17).
0 upgraded, 0 newly installed, 0 to remove and 0 not upgraded.
Enabling module rewrite.
To activate the new configuration, you need to run:
  service apache2 restart
 * Starting Apache httpd web server apache2
AH00558: apache2: Could not reliably determine the server's fully qualified domain name, using 172.18.0.2. Set the 'ServerName' directive globally to suppress this message
 * 
Verificando o status do Apache2...
Apache2 instalado e em execução com sucesso!
Instalação e configuração do Apache2 concluídas com sucesso!
Atualizando os pacotes...
Hit:1 http://security.ubuntu.com/ubuntu focal-security InRelease
Hit:2 http://archive.ubuntu.com/ubuntu focal InRelease
Hit:3 http://archive.ubuntu.com/ubuntu focal-updates InRelease
Hit:4 http://archive.ubuntu.com/ubuntu focal-backports InRelease
Reading package lists...
Instalando e configurando o Apache2...
Reading package lists...
Building dependency tree...
Reading state information...
apache2 is already the newest version (2.4.41-4ubuntu3.17).
0 upgraded, 0 newly installed, 0 to remove and 0 not upgraded.
Enabling module rewrite.
To activate the new configuration, you need to run:
  service apache2 restart
 * Starting Apache httpd web server apache2
AH00558: apache2: Could not reliably determine the server's fully qualified domain name, using 172.18.0.2. Set the 'ServerName' directive globally to suppress this message
 * 
Verificando o status do Apache2...
Apache2 instalado e em execução com sucesso!
Instalação e configuração do Apache2 concluídas com sucesso!
Atualizando os pacotes...
Hit:1 http://security.ubuntu.com/ubuntu focal-security InRelease
Hit:2 http://archive.ubuntu.com/ubuntu focal InRelease
Hit:3 http://archive.ubuntu.com/ubuntu focal-updates InRelease
Hit:4 http://archive.ubuntu.com/ubuntu focal-backports InRelease
Reading package lists...
Instalando e configurando o Apache2...
Reading package lists...
Building dependency tree...
Reading state information...
apache2 is already the newest version (2.4.41-4ubuntu3.17).
0 upgraded, 0 newly installed, 0 to remove and 0 not upgraded.
Enabling module rewrite.
To activate the new configuration, you need to run:
  service apache2 restart
 * Starting Apache httpd web server apache2
AH00558: apache2: Could not reliably determine the server's fully qualified domain name, using 172.19.0.2. Set the 'ServerName' directive globally to suppress this message
 * 
Verificando o status do Apache2...
Apache2 instalado e em execução com sucesso!
Instalação e configuração do Apache2 concluídas com sucesso!
