Atualizando os pacotes...
Hit:1 http://archive.ubuntu.com/ubuntu focal InRelease
Hit:2 http://security.ubuntu.com/ubuntu focal-security InRelease
Hit:3 http://archive.ubuntu.com/ubuntu focal-updates InRelease
Hit:4 http://archive.ubuntu.com/ubuntu focal-backports InRelease
Reading package lists...
Backup da configuração do Nginx criado em /usr/local/backups/nginx
Instalando o Nginx...
Reading package lists...
Building dependency tree...
Reading state information...
nginx is already the newest version (1.18.0-0ubuntu1.4).
0 upgraded, 0 newly installed, 0 to remove and 0 not upgraded.
Instalando o Nginx...
Reading package lists...
Building dependency tree...
Reading state information...
nginx is already the newest version (1.18.0-0ubuntu1.4).
0 upgraded, 0 newly installed, 0 to remove and 0 not upgraded.
Iniciando o serviço Nginx...
 * Starting nginx nginx
   ...fail!
Verificando o status do Nginx...
Nginx instalado e em execução com sucesso!
Instalação e configuração do Nginx concluídas com sucesso!
Atualizando os pacotes...
Hit:1 http://security.ubuntu.com/ubuntu focal-security InRelease
Hit:2 http://archive.ubuntu.com/ubuntu focal InRelease
Hit:3 http://archive.ubuntu.com/ubuntu focal-updates InRelease
Hit:4 http://archive.ubuntu.com/ubuntu focal-backports InRelease
Reading package lists...
Backup da configuração do Nginx criado em /usr/local/backups/nginx
Instalando o Nginx...
Reading package lists...
Building dependency tree...
Reading state information...
nginx is already the newest version (1.18.0-0ubuntu1.4).
0 upgraded, 0 newly installed, 0 to remove and 0 not upgraded.
Instalando o Nginx...
Reading package lists...
Building dependency tree...
Reading state information...
nginx is already the newest version (1.18.0-0ubuntu1.4).
0 upgraded, 0 newly installed, 0 to remove and 0 not upgraded.
Iniciando o serviço Nginx...
 * Starting nginx nginx
   ...fail!
Verificando o status do Nginx...
Nginx instalado e em execução com sucesso!
Instalação e configuração do Nginx concluídas com sucesso!
Atualizando os pacotes...
Hit:1 http://security.ubuntu.com/ubuntu focal-security InRelease
Hit:2 http://archive.ubuntu.com/ubuntu focal InRelease
Hit:3 http://archive.ubuntu.com/ubuntu focal-updates InRelease
Hit:4 http://archive.ubuntu.com/ubuntu focal-backports InRelease
Reading package lists...
Backup da configuração do Nginx criado em /usr/local/backups/nginx
Instalando o Nginx...
Reading package lists...
Building dependency tree...
Reading state information...
nginx is already the newest version (1.18.0-0ubuntu1.4).
0 upgraded, 0 newly installed, 0 to remove and 0 not upgraded.
Instalando o Nginx...
Reading package lists...
Building dependency tree...
Reading state information...
nginx is already the newest version (1.18.0-0ubuntu1.4).
0 upgraded, 0 newly installed, 0 to remove and 0 not upgraded.
Iniciando o serviço Nginx...
 * Starting nginx nginx
   ...fail!
Verificando o status do Nginx...
Nginx instalado e em execução com sucesso!
Instalação e configuração do Nginx concluídas com sucesso!
Atualizando os pacotes...
Hit:1 http://security.ubuntu.com/ubuntu focal-security InRelease
Hit:2 http://archive.ubuntu.com/ubuntu focal InRelease
Hit:3 http://archive.ubuntu.com/ubuntu focal-updates InRelease
Hit:4 http://archive.ubuntu.com/ubuntu focal-backports InRelease
Reading package lists...
Backup da configuração do Nginx criado em /usr/local/backups/nginx
Instalando o Nginx...
Reading package lists...
Building dependency tree...
Reading state information...
nginx is already the newest version (1.18.0-0ubuntu1.4).
0 upgraded, 0 newly installed, 0 to remove and 0 not upgraded.
Instalando o Nginx...
Reading package lists...
Building dependency tree...
Reading state information...
nginx is already the newest version (1.18.0-0ubuntu1.4).
0 upgraded, 0 newly installed, 0 to remove and 0 not upgraded.
Iniciando o serviço Nginx...
 * Starting nginx nginx
   ...fail!
Verificando o status do Nginx...
Nginx instalado e em execução com sucesso!
Instalação e configuração do Nginx concluídas com sucesso!
Atualizando os pacotes...
Hit:1 http://archive.ubuntu.com/ubuntu focal InRelease
Hit:2 http://security.ubuntu.com/ubuntu focal-security InRelease
Hit:3 http://archive.ubuntu.com/ubuntu focal-updates InRelease
Hit:4 http://archive.ubuntu.com/ubuntu focal-backports InRelease
Reading package lists...
Backup da configuração do Nginx criado em /usr/local/backups/nginx
Instalando o Nginx...
Reading package lists...
Building dependency tree...
Reading state information...
nginx is already the newest version (1.18.0-0ubuntu1.4).
0 upgraded, 0 newly installed, 0 to remove and 0 not upgraded.
Instalando o Nginx...
Reading package lists...
Building dependency tree...
Reading state information...
nginx is already the newest version (1.18.0-0ubuntu1.4).
0 upgraded, 0 newly installed, 0 to remove and 0 not upgraded.
Iniciando o serviço Nginx...
 * Starting nginx nginx
   ...fail!
Verificando o status do Nginx...
Nginx instalado e em execução com sucesso!
Instalação e configuração do Nginx concluídas com sucesso!
Atualizando os pacotes...
Hit:1 http://archive.ubuntu.com/ubuntu focal InRelease
Hit:2 http://security.ubuntu.com/ubuntu focal-security InRelease
Hit:3 http://archive.ubuntu.com/ubuntu focal-updates InRelease
Hit:4 http://archive.ubuntu.com/ubuntu focal-backports InRelease
Reading package lists...
Backup da configuração do Nginx criado em /usr/local/backups/nginx
Instalando o Nginx...
Reading package lists...
Building dependency tree...
Reading state information...
nginx is already the newest version (1.18.0-0ubuntu1.4).
0 upgraded, 0 newly installed, 0 to remove and 0 not upgraded.
Instalando o Nginx...
Reading package lists...
Building dependency tree...
Reading state information...
nginx is already the newest version (1.18.0-0ubuntu1.4).
0 upgraded, 0 newly installed, 0 to remove and 0 not upgraded.
Iniciando o serviço Nginx...
 * Starting nginx nginx
   ...fail!
Verificando o status do Nginx...
Nginx instalado e em execução com sucesso!
Instalação e configuração do Nginx concluídas com sucesso!
Atualizando os pacotes...
Hit:1 http://archive.ubuntu.com/ubuntu focal InRelease
Hit:2 http://archive.ubuntu.com/ubuntu focal-updates InRelease
Hit:3 http://security.ubuntu.com/ubuntu focal-security InRelease
Hit:4 http://archive.ubuntu.com/ubuntu focal-backports InRelease
Reading package lists...
Backup da configuração do Nginx criado em /usr/local/backups/nginx
Instalando o Nginx...
Reading package lists...
Building dependency tree...
Reading state information...
nginx is already the newest version (1.18.0-0ubuntu1.4).
0 upgraded, 0 newly installed, 0 to remove and 0 not upgraded.
Instalando o Nginx...
Reading package lists...
Building dependency tree...
Reading state information...
nginx is already the newest version (1.18.0-0ubuntu1.4).
0 upgraded, 0 newly installed, 0 to remove and 0 not upgraded.
Iniciando o serviço Nginx...
 * Starting nginx nginx
   ...fail!
Verificando o status do Nginx...
Nginx instalado e em execução com sucesso!
Instalação e configuração do Nginx concluídas com sucesso!
Atualizando os pacotes...
Hit:1 http://archive.ubuntu.com/ubuntu focal InRelease
Hit:2 http://security.ubuntu.com/ubuntu focal-security InRelease
Hit:3 http://archive.ubuntu.com/ubuntu focal-updates InRelease
Hit:4 http://archive.ubuntu.com/ubuntu focal-backports InRelease
Reading package lists...
Backup da configuração do Nginx criado em /usr/local/backups/nginx
Instalando o Nginx...
Reading package lists...
Building dependency tree...
Reading state information...
nginx is already the newest version (1.18.0-0ubuntu1.4).
0 upgraded, 0 newly installed, 0 to remove and 0 not upgraded.
Instalando o Nginx...
Reading package lists...
Building dependency tree...
Reading state information...
nginx is already the newest version (1.18.0-0ubuntu1.4).
0 upgraded, 0 newly installed, 0 to remove and 0 not upgraded.
Iniciando o serviço Nginx...
 * Starting nginx nginx
   ...fail!
Verificando o status do Nginx...
Nginx instalado e em execução com sucesso!
Instalação e configuração do Nginx concluídas com sucesso!
Atualizando os pacotes...
Hit:1 http://archive.ubuntu.com/ubuntu focal InRelease
Hit:2 http://security.ubuntu.com/ubuntu focal-security InRelease
Hit:3 http://archive.ubuntu.com/ubuntu focal-updates InRelease
Hit:4 http://archive.ubuntu.com/ubuntu focal-backports InRelease
Reading package lists...
Backup da configuração do Nginx criado em /usr/local/backups/nginx
Instalando o Nginx...
Reading package lists...
Building dependency tree...
Reading state information...
nginx is already the newest version (1.18.0-0ubuntu1.4).
0 upgraded, 0 newly installed, 0 to remove and 0 not upgraded.
Instalando o Nginx...
Reading package lists...
Building dependency tree...
Reading state information...
nginx is already the newest version (1.18.0-0ubuntu1.4).
0 upgraded, 0 newly installed, 0 to remove and 0 not upgraded.
Iniciando o serviço Nginx...
 * Starting nginx nginx
   ...fail!
Verificando o status do Nginx...
Nginx instalado e em execução com sucesso!
Instalação e configuração do Nginx concluídas com sucesso!
Atualizando os pacotes...
Hit:1 http://archive.ubuntu.com/ubuntu focal InRelease
Hit:2 http://security.ubuntu.com/ubuntu focal-security InRelease
Hit:3 http://archive.ubuntu.com/ubuntu focal-updates InRelease
Hit:4 http://archive.ubuntu.com/ubuntu focal-backports InRelease
Reading package lists...
Backup da configuração do Nginx criado em /usr/local/backups/nginx
Instalando o Nginx...
Reading package lists...
Building dependency tree...
Reading state information...
nginx is already the newest version (1.18.0-0ubuntu1.4).
0 upgraded, 0 newly installed, 0 to remove and 0 not upgraded.
Instalando o Nginx...
Reading package lists...
Building dependency tree...
Reading state information...
nginx is already the newest version (1.18.0-0ubuntu1.4).
0 upgraded, 0 newly installed, 0 to remove and 0 not upgraded.
Iniciando o serviço Nginx...
 * Starting nginx nginx
   ...fail!
Verificando o status do Nginx...
Nginx instalado e em execução com sucesso!
Instalação e configuração do Nginx concluídas com sucesso!
Atualizando os pacotes...
Hit:1 http://archive.ubuntu.com/ubuntu focal InRelease
Hit:2 http://security.ubuntu.com/ubuntu focal-security InRelease
Hit:3 http://archive.ubuntu.com/ubuntu focal-updates InRelease
Hit:4 http://archive.ubuntu.com/ubuntu focal-backports InRelease
Reading package lists...
Backup da configuração do Nginx criado em /usr/local/backups/nginx
Instalando o Nginx...
Reading package lists...
Building dependency tree...
Reading state information...
nginx is already the newest version (1.18.0-0ubuntu1.4).
0 upgraded, 0 newly installed, 0 to remove and 0 not upgraded.
Instalando o Nginx...
Reading package lists...
Building dependency tree...
Reading state information...
nginx is already the newest version (1.18.0-0ubuntu1.4).
0 upgraded, 0 newly installed, 0 to remove and 0 not upgraded.
Iniciando o serviço Nginx...
 * Starting nginx nginx
   ...fail!
Verificando o status do Nginx...
Nginx instalado e em execução com sucesso!
Instalação e configuração do Nginx concluídas com sucesso!
Atualizando os pacotes...
Hit:1 http://archive.ubuntu.com/ubuntu focal InRelease
Hit:2 http://security.ubuntu.com/ubuntu focal-security InRelease
Hit:3 http://archive.ubuntu.com/ubuntu focal-updates InRelease
Hit:4 http://archive.ubuntu.com/ubuntu focal-backports InRelease
Reading package lists...
Backup da configuração do Nginx criado em /usr/local/backups/nginx
Instalando o Nginx...
Reading package lists...
Building dependency tree...
Reading state information...
nginx is already the newest version (1.18.0-0ubuntu1.4).
0 upgraded, 0 newly installed, 0 to remove and 0 not upgraded.
Instalando o Nginx...
Reading package lists...
Building dependency tree...
Reading state information...
nginx is already the newest version (1.18.0-0ubuntu1.4).
0 upgraded, 0 newly installed, 0 to remove and 0 not upgraded.
Configurando o Nginx para escutar na porta 8080...
Iniciando o serviço Nginx...
 * Starting nginx nginx
   ...done.
Verificando o status do Nginx...
Nginx instalado e em execução com sucesso!
Instalação e configuração do Nginx concluídas com sucesso!
Atualizando os pacotes...
Hit:1 http://archive.ubuntu.com/ubuntu focal InRelease
Hit:2 http://security.ubuntu.com/ubuntu focal-security InRelease
Hit:3 http://archive.ubuntu.com/ubuntu focal-updates InRelease
Hit:4 http://archive.ubuntu.com/ubuntu focal-backports InRelease
Reading package lists...
Backup da configuração do Nginx criado em /usr/local/backups/nginx
Instalando o Nginx...
Reading package lists...
Building dependency tree...
Reading state information...
nginx is already the newest version (1.18.0-0ubuntu1.4).
0 upgraded, 0 newly installed, 0 to remove and 0 not upgraded.
Instalando o Nginx...
Reading package lists...
Building dependency tree...
Reading state information...
nginx is already the newest version (1.18.0-0ubuntu1.4).
0 upgraded, 0 newly installed, 0 to remove and 0 not upgraded.
Configurando o Nginx para escutar na porta 8080...
Iniciando o serviço Nginx...
 * Starting nginx nginx
   ...done.
Verificando o status do Nginx...
Nginx instalado e em execução com sucesso!
Instalação e configuração do Nginx concluídas com sucesso!
Atualizando os pacotes...
Hit:1 http://archive.ubuntu.com/ubuntu focal InRelease
Hit:2 http://security.ubuntu.com/ubuntu focal-security InRelease
Hit:3 http://archive.ubuntu.com/ubuntu focal-updates InRelease
Hit:4 http://archive.ubuntu.com/ubuntu focal-backports InRelease
Reading package lists...
Backup da configuração do Nginx criado em /usr/local/backups/nginx
Instalando o Nginx...
Reading package lists...
Building dependency tree...
Reading state information...
nginx is already the newest version (1.18.0-0ubuntu1.4).
0 upgraded, 0 newly installed, 0 to remove and 0 not upgraded.
Instalando o Nginx...
Reading package lists...
Building dependency tree...
Reading state information...
nginx is already the newest version (1.18.0-0ubuntu1.4).
0 upgraded, 0 newly installed, 0 to remove and 0 not upgraded.
Configurando o Nginx para escutar na porta 8080...
Iniciando o serviço Nginx...
 * Starting nginx nginx
   ...done.
Verificando o status do Nginx...
Nginx instalado e em execução com sucesso!
Instalação e configuração do Nginx concluídas com sucesso!
Atualizando os pacotes...
Hit:1 http://archive.ubuntu.com/ubuntu focal InRelease
Hit:2 http://archive.ubuntu.com/ubuntu focal-updates InRelease
Hit:3 http://security.ubuntu.com/ubuntu focal-security InRelease
Hit:4 http://archive.ubuntu.com/ubuntu focal-backports InRelease
Reading package lists...
Backup da configuração do Nginx criado em /usr/local/backups/nginx
Instalando o Nginx...
Reading package lists...
Building dependency tree...
Reading state information...
nginx is already the newest version (1.18.0-0ubuntu1.4).
0 upgraded, 0 newly installed, 0 to remove and 0 not upgraded.
Instalando o Nginx...
Reading package lists...
Building dependency tree...
Reading state information...
nginx is already the newest version (1.18.0-0ubuntu1.4).
0 upgraded, 0 newly installed, 0 to remove and 0 not upgraded.
Configurando o Nginx para escutar na porta 8080...
Iniciando o serviço Nginx...
 * Starting nginx nginx
   ...done.
Verificando o status do Nginx...
Nginx instalado e em execução com sucesso!
Instalação e configuração do Nginx concluídas com sucesso!
Atualizando os pacotes...
Hit:1 http://archive.ubuntu.com/ubuntu focal InRelease
Hit:2 http://archive.ubuntu.com/ubuntu focal-updates InRelease
Hit:3 http://security.ubuntu.com/ubuntu focal-security InRelease
Hit:4 http://archive.ubuntu.com/ubuntu focal-backports InRelease
Reading package lists...
Backup da configuração do Nginx criado em /usr/local/backups/nginx
Instalando o Nginx...
Reading package lists...
Building dependency tree...
Reading state information...
nginx is already the newest version (1.18.0-0ubuntu1.4).
0 upgraded, 0 newly installed, 0 to remove and 0 not upgraded.
Instalando o Nginx...
Reading package lists...
Building dependency tree...
Reading state information...
nginx is already the newest version (1.18.0-0ubuntu1.4).
0 upgraded, 0 newly installed, 0 to remove and 0 not upgraded.
Configurando o Nginx para escutar na porta 8080...
Iniciando o serviço Nginx...
 * Starting nginx nginx
   ...done.
Verificando o status do Nginx...
Nginx instalado e em execução com sucesso!
Instalação e configuração do Nginx concluídas com sucesso!
Atualizando os pacotes...
Hit:1 http://archive.ubuntu.com/ubuntu focal InRelease
Hit:2 http://archive.ubuntu.com/ubuntu focal-updates InRelease
Hit:3 http://security.ubuntu.com/ubuntu focal-security InRelease
Hit:4 http://archive.ubuntu.com/ubuntu focal-backports InRelease
Reading package lists...
Backup da configuração do Nginx criado em /usr/local/backups/nginx
Instalando o Nginx...
Reading package lists...
Building dependency tree...
Reading state information...
nginx is already the newest version (1.18.0-0ubuntu1.4).
0 upgraded, 0 newly installed, 0 to remove and 0 not upgraded.
Instalando o Nginx...
Reading package lists...
Building dependency tree...
Reading state information...
nginx is already the newest version (1.18.0-0ubuntu1.4).
0 upgraded, 0 newly installed, 0 to remove and 0 not upgraded.
Configurando o Nginx para escutar na porta 8080...
Reiniciando o serviço Nginx...
 * Restarting nginx nginx
   ...done.
Verificando o status do Nginx...
Nginx instalado e em execução com sucesso!
Instalação e configuração do Nginx concluídas com sucesso!
Atualizando os pacotes...
Hit:1 http://archive.ubuntu.com/ubuntu focal InRelease
Hit:2 http://security.ubuntu.com/ubuntu focal-security InRelease
Hit:3 http://archive.ubuntu.com/ubuntu focal-updates InRelease
Hit:4 http://archive.ubuntu.com/ubuntu focal-backports InRelease
Reading package lists...
Backup da configuração do Nginx criado em /usr/local/backups/nginx
Instalando o Nginx...
Reading package lists...
Building dependency tree...
Reading state information...
nginx is already the newest version (1.18.0-0ubuntu1.4).
0 upgraded, 0 newly installed, 0 to remove and 0 not upgraded.
Instalando o Nginx...
Reading package lists...
Building dependency tree...
Reading state information...
nginx is already the newest version (1.18.0-0ubuntu1.4).
0 upgraded, 0 newly installed, 0 to remove and 0 not upgraded.
Configurando o Nginx para escutar na porta 8080...
Reiniciando o serviço Nginx...
 * Restarting nginx nginx
   ...done.
Verificando o status do Nginx...
Nginx instalado e em execução com sucesso!
Instalação e configuração do Nginx concluídas com sucesso!
Atualizando os pacotes...
Hit:1 http://archive.ubuntu.com/ubuntu focal InRelease
Hit:2 http://security.ubuntu.com/ubuntu focal-security InRelease
Hit:3 http://archive.ubuntu.com/ubuntu focal-updates InRelease
Hit:4 http://archive.ubuntu.com/ubuntu focal-backports InRelease
Reading package lists...
Backup da configuração do Nginx criado em /usr/local/backups/nginx
Instalando o Nginx...
Reading package lists...
Building dependency tree...
Reading state information...
nginx is already the newest version (1.18.0-0ubuntu1.4).
0 upgraded, 0 newly installed, 0 to remove and 0 not upgraded.
Configurando o Nginx para escutar na porta 8080...
Reiniciando o serviço Nginx...
 * Restarting nginx nginx
   ...done.
Verificando o status do Nginx...
Nginx instalado e em execução com sucesso!
Instalação e configuração do Nginx concluídas com sucesso!
Atualizando os pacotes...
Hit:1 http://archive.ubuntu.com/ubuntu focal InRelease
Hit:2 http://archive.ubuntu.com/ubuntu focal-updates InRelease
Hit:3 http://security.ubuntu.com/ubuntu focal-security InRelease
Hit:4 http://archive.ubuntu.com/ubuntu focal-backports InRelease
Reading package lists...
Backup da configuração do Nginx criado em /usr/local/backups/nginx
Instalando o Nginx...
Reading package lists...
Building dependency tree...
Reading state information...
nginx is already the newest version (1.18.0-0ubuntu1.4).
0 upgraded, 0 newly installed, 0 to remove and 0 not upgraded.
Configurando o Nginx para escutar na porta 8080...
Reiniciando o serviço Nginx...
 * Restarting nginx nginx
   ...done.
Verificando o status do Nginx...
Nginx instalado e em execução com sucesso!
Instalação e configuração do Nginx concluídas com sucesso!
Atualizando os pacotes...
Hit:1 http://archive.ubuntu.com/ubuntu focal InRelease
Hit:2 http://archive.ubuntu.com/ubuntu focal-updates InRelease
Hit:3 http://security.ubuntu.com/ubuntu focal-security InRelease
Hit:4 http://archive.ubuntu.com/ubuntu focal-backports InRelease
Reading package lists...
Backup da configuração do Nginx criado em /usr/local/backups/nginx
Instalando o Nginx...
Reading package lists...
Building dependency tree...
Reading state information...
nginx is already the newest version (1.18.0-0ubuntu1.4).
0 upgraded, 0 newly installed, 0 to remove and 0 not upgraded.
Configurando o Nginx para escutar na porta 8080...
Reiniciando o serviço Nginx...
 * Restarting nginx nginx
   ...done.
Verificando o status do Nginx...
Nginx instalado e em execução com sucesso!
Instalação e configuração do Nginx concluídas com sucesso!
Atualizando os pacotes...
Hit:1 http://archive.ubuntu.com/ubuntu focal InRelease
Hit:2 http://security.ubuntu.com/ubuntu focal-security InRelease
Hit:3 http://archive.ubuntu.com/ubuntu focal-updates InRelease
Hit:4 http://archive.ubuntu.com/ubuntu focal-backports InRelease
Reading package lists...
Backup da configuração do Nginx criado em /usr/local/backups/nginx
Instalando o Nginx...
Reading package lists...
Building dependency tree...
Reading state information...
nginx is already the newest version (1.18.0-0ubuntu1.4).
0 upgraded, 0 newly installed, 0 to remove and 0 not upgraded.
Configurando o Nginx para escutar na porta 8080...
Reiniciando o serviço Nginx...
 * Restarting nginx nginx
   ...done.
Verificando o status do Nginx...
Nginx instalado e em execução com sucesso!
Instalação e configuração do Nginx concluídas com sucesso!
Atualizando os pacotes...
Hit:1 http://security.ubuntu.com/ubuntu focal-security InRelease
Hit:2 http://archive.ubuntu.com/ubuntu focal InRelease
Get:3 http://archive.ubuntu.com/ubuntu focal-updates InRelease [128 kB]
Hit:4 http://archive.ubuntu.com/ubuntu focal-backports InRelease
Fetched 128 kB in 2s (80.2 kB/s)
Reading package lists...
Instalando e configurando o Nginx...
Reading package lists...
Building dependency tree...
Reading state information...
nginx is already the newest version (1.18.0-0ubuntu1.4).
0 upgraded, 0 newly installed, 0 to remove and 0 not upgraded.
 * Starting nginx nginx
   ...done.
Verificando o status do Nginx...
Nginx instalado e em execução com sucesso!
Instalação e configuração do Nginx concluídas com sucesso!
